0:0:0:0:0:0:0:1 -  -  [24/Mar/2014:02:40:33 +0000] "GET /geoportal HTTP/1.1" 302 0 
0:0:0:0:0:0:0:1 -  -  [24/Mar/2014:02:40:33 +0000] "GET /geoportal/ HTTP/1.1" 200 1307 
0:0:0:0:0:0:0:1 -  -  [24/Mar/2014:02:40:33 +0000] "GET /geoportal HTTP/1.1" 302 0 
0:0:0:0:0:0:0:1 -  -  [24/Mar/2014:02:40:33 +0000] "GET /geoportal/ HTTP/1.1" 304 0 
0:0:0:0:0:0:0:1 -  -  [24/Mar/2014:02:40:33 +0000] "GET /geoportal/lib/gxp/src/theme/all.css HTTP/1.1" 304 0 
0:0:0:0:0:0:0:1 -  -  [24/Mar/2014:02:40:33 +0000] "GET /geoportal/viewer.css HTTP/1.1" 304 0 
0:0:0:0:0:0:0:1 -  -  [24/Mar/2014:02:40:33 +0000] "GET /geoportal/viewer.js HTTP/1.1" 304 0 
0:0:0:0:0:0:0:1 -  -  [24/Mar/2014:02:40:33 +0000] "GET /geoportal/lib/ux/FileUploadField.js HTTP/1.1" 304 0 
0:0:0:0:0:0:0:1 -  -  [24/Mar/2014:02:40:33 +0000] "GET /geoportal/lib/gxp/src/script/loader.js HTTP/1.1" 304 0 
0:0:0:0:0:0:0:1 -  -  [24/Mar/2014:02:40:34 +0000] "GET /geoportal/lib/openlayers/lib/OpenLayers/Map.js HTTP/1.1" 304 0 
0:0:0:0:0:0:0:1 -  -  [24/Mar/2014:02:40:36 +0000] "GET /geoportal/lib/gxp/src/script/util/color.js HTTP/1.1" 304 0 
0:0:0:0:0:0:0:1 -  -  [24/Mar/2014:02:40:36 +0000] "GET /geoportal/lib/gxp/src/script/util/style.js HTTP/1.1" 304 0 
0:0:0:0:0:0:0:1 -  -  [24/Mar/2014:02:40:36 +0000] "GET /geoportal/lib/gxp/src/script/util.js HTTP/1.1" 304 0 
0:0:0:0:0:0:0:1 -  -  [24/Mar/2014:02:40:36 +0000] "GET /geoportal/lib/gxp/src/script/data/AutoCompleteReader.js HTTP/1.1" 304 0 
0:0:0:0:0:0:0:1 -  -  [24/Mar/2014:02:40:36 +0000] "GET /geoportal/lib/gxp/src/script/data/AutoCompleteProxy.js HTTP/1.1" 304 0 
0:0:0:0:0:0:0:1 -  -  [24/Mar/2014:02:40:36 +0000] "GET /geoportal/lib/gxp/src/script/data/GroupStyleReader.js HTTP/1.1" 304 0 
0:0:0:0:0:0:0:1 -  -  [24/Mar/2014:02:40:36 +0000] "GET /geoportal/lib/gxp/src/script/data/RuleGroupReader.js HTTP/1.1" 304 0 
0:0:0:0:0:0:0:1 -  -  [24/Mar/2014:02:40:36 +0000] "GET /geoportal/lib/gxp/src/script/data/FeatureTypeClassifier.js HTTP/1.1" 304 0 
0:0:0:0:0:0:0:1 -  -  [24/Mar/2014:02:40:36 +0000] "GET /geoportal/lib/gxp/src/script/data/WFSFeatureStore.js HTTP/1.1" 304 0 
0:0:0:0:0:0:0:1 -  -  [24/Mar/2014:02:40:36 +0000] "GET /geoportal/lib/gxp/src/script/menu/LayerMenu.js HTTP/1.1" 304 0 
0:0:0:0:0:0:0:1 -  -  [24/Mar/2014:02:40:36 +0000] "GET /geoportal/lib/gxp/src/script/data/WFSProtocolProxy.js HTTP/1.1" 304 0 
0:0:0:0:0:0:0:1 -  -  [24/Mar/2014:02:40:36 +0000] "GET /geoportal/lib/gxp/src/script/widgets/FeatureEditPopup.js HTTP/1.1" 304 0 
0:0:0:0:0:0:0:1 -  -  [24/Mar/2014:02:40:36 +0000] "GET /geoportal/lib/gxp/src/script/widgets/QueryPanel.js HTTP/1.1" 304 0 
0:0:0:0:0:0:0:1 -  -  [24/Mar/2014:02:40:36 +0000] "GET /geoportal/lib/gxp/src/script/widgets/WMSLayerPanel.js HTTP/1.1" 304 0 
0:0:0:0:0:0:0:1 -  -  [24/Mar/2014:02:40:36 +0000] "GET /geoportal/lib/gxp/src/script/widgets/WMSStylesDialog.js HTTP/1.1" 304 0 
0:0:0:0:0:0:0:1 -  -  [24/Mar/2014:02:40:36 +0000] "GET /geoportal/lib/gxp/src/script/widgets/FilterBuilder.js HTTP/1.1" 304 0 
0:0:0:0:0:0:0:1 -  -  [24/Mar/2014:02:40:36 +0000] "GET /geoportal/lib/gxp/src/script/widgets/CrumbPanel.js HTTP/1.1" 304 0 
0:0:0:0:0:0:0:1 -  -  [24/Mar/2014:02:40:36 +0000] "GET /geoportal/lib/gxp/src/script/widgets/NewSourceDialog.js HTTP/1.1" 304 0 
0:0:0:0:0:0:0:1 -  -  [24/Mar/2014:02:40:36 +0000] "GET /geoportal/lib/gxp/src/script/widgets/StylePropertiesDialog.js HTTP/1.1" 304 0 
0:0:0:0:0:0:0:1 -  -  [24/Mar/2014:02:40:36 +0000] "GET /geoportal/lib/gxp/src/script/widgets/EmbedMapDialog.js HTTP/1.1" 304 0 
0:0:0:0:0:0:0:1 -  -  [24/Mar/2014:02:40:36 +0000] "GET /geoportal/lib/gxp/src/script/widgets/StrokeSymbolizer.js HTTP/1.1" 304 0 
0:0:0:0:0:0:0:1 -  -  [24/Mar/2014:02:40:36 +0000] "GET /geoportal/lib/gxp/src/script/widgets/FillSymbolizer.js HTTP/1.1" 304 0 
0:0:0:0:0:0:0:1 -  -  [24/Mar/2014:02:40:36 +0000] "GET /geoportal/lib/gxp/src/script/widgets/NewSourceWindow.js HTTP/1.1" 304 0 
0:0:0:0:0:0:0:1 -  -  [24/Mar/2014:02:40:36 +0000] "GET /geoportal/lib/gxp/src/script/widgets/PointSymbolizer.js HTTP/1.1" 304 0 
0:0:0:0:0:0:0:1 -  -  [24/Mar/2014:02:40:36 +0000] "GET /geoportal/lib/gxp/src/script/widgets/LineSymbolizer.js HTTP/1.1" 304 0 
0:0:0:0:0:0:0:1 -  -  [24/Mar/2014:02:40:36 +0000] "GET /geoportal/lib/gxp/src/script/widgets/LayerUploadPanel.js HTTP/1.1" 304 0 
0:0:0:0:0:0:0:1 -  -  [24/Mar/2014:02:40:36 +0000] "GET /geoportal/lib/gxp/src/script/widgets/ScaleLimitPanel.js HTTP/1.1" 304 0 
0:0:0:0:0:0:0:1 -  -  [24/Mar/2014:02:40:36 +0000] "GET /geoportal/lib/gxp/src/script/widgets/RulePanel.js HTTP/1.1" 304 0 
0:0:0:0:0:0:0:1 -  -  [24/Mar/2014:02:40:36 +0000] "GET /geoportal/lib/gxp/src/script/widgets/TextSymbolizer.js HTTP/1.1" 304 0 
0:0:0:0:0:0:0:1 -  -  [24/Mar/2014:02:40:36 +0000] "GET /geoportal/lib/gxp/src/script/widgets/PolygonSymbolizer.js HTTP/1.1" 304 0 
0:0:0:0:0:0:0:1 -  -  [24/Mar/2014:02:40:36 +0000] "GET /geoportal/lib/gxp/src/script/widgets/Viewer.js HTTP/1.1" 304 0 
0:0:0:0:0:0:0:1 -  -  [24/Mar/2014:02:40:36 +0000] "GET /geoportal/lib/gxp/src/script/widgets/grid/SymbolizerGrid.js HTTP/1.1" 304 0 
0:0:0:0:0:0:0:1 -  -  [24/Mar/2014:02:40:36 +0000] "GET /geoportal/lib/gxp/src/script/widgets/form/ComparisonComboBox.js HTTP/1.1" 304 0 
0:0:0:0:0:0:0:1 -  -  [24/Mar/2014:02:40:36 +0000] "GET /geoportal/lib/gxp/src/script/widgets/form/AutoCompleteComboBox.js HTTP/1.1" 304 0 
0:0:0:0:0:0:0:1 -  -  [24/Mar/2014:02:40:36 +0000] "GET /geoportal/lib/gxp/src/script/widgets/tree/TreeGridNodeUI.js HTTP/1.1" 304 0 
0:0:0:0:0:0:0:1 -  -  [24/Mar/2014:02:40:36 +0000] "GET /geoportal/lib/gxp/src/script/widgets/tree/SymbolizerLoader.js HTTP/1.1" 304 0 
0:0:0:0:0:0:0:1 -  -  [24/Mar/2014:02:40:36 +0000] "GET /geoportal/lib/gxp/src/script/widgets/form/ColorField.js HTTP/1.1" 304 0 
0:0:0:0:0:0:0:1 -  -  [24/Mar/2014:02:40:36 +0000] "GET /geoportal/lib/gxp/src/script/widgets/form/GoogleGeocoderComboBox.js HTTP/1.1" 304 0 
0:0:0:0:0:0:0:1 -  -  [24/Mar/2014:02:40:36 +0000] "GET /geoportal/lib/gxp/src/script/widgets/form/FontComboBox.js HTTP/1.1" 304 0 
0:0:0:0:0:0:0:1 -  -  [24/Mar/2014:02:40:37 +0000] "GET /geoportal/lib/gxp/src/script/widgets/form/ViewerField.js HTTP/1.1" 304 0 
0:0:0:0:0:0:0:1 -  -  [24/Mar/2014:02:40:36 +0000] "GET /geoportal/lib/gxp/src/script/widgets/form/FilterField.js HTTP/1.1" 304 0 
0:0:0:0:0:0:0:1 -  -  [24/Mar/2014:02:40:37 +0000] "GET /geoportal/lib/gxp/src/script/widgets/grid/FeatureGrid.js HTTP/1.1" 304 0 
0:0:0:0:0:0:0:1 -  -  [24/Mar/2014:02:40:37 +0000] "GET /geoportal/lib/gxp/src/script/widgets/GoogleEarthPanel.js HTTP/1.1" 304 0 
0:0:0:0:0:0:0:1 -  -  [24/Mar/2014:02:40:37 +0000] "GET /geoportal/lib/gxp/src/script/widgets/form/ExtendedDateField.js HTTP/1.1" 304 0 
0:0:0:0:0:0:0:1 -  -  [24/Mar/2014:02:40:37 +0000] "GET /geoportal/lib/gxp/src/script/widgets/Histogram.js HTTP/1.1" 304 0 
0:0:0:0:0:0:0:1 -  -  [24/Mar/2014:02:40:37 +0000] "GET /geoportal/lib/gxp/src/script/widgets/grid/CapabilitiesGrid.js HTTP/1.1" 304 0 
0:0:0:0:0:0:0:1 -  -  [24/Mar/2014:02:40:37 +0000] "GET /geoportal/lib/gxp/src/script/widgets/GoogleStreetViewPanel.js HTTP/1.1" 304 0 
0:0:0:0:0:0:0:1 -  -  [24/Mar/2014:02:40:37 +0000] "GET /geoportal/lib/gxp/src/script/widgets/form/PlaybackModeComboBox.js HTTP/1.1" 304 0 
0:0:0:0:0:0:0:1 -  -  [24/Mar/2014:02:40:37 +0000] "GET /geoportal/lib/gxp/src/script/widgets/PlaybackOptionsPanel.js HTTP/1.1" 304 0 
0:0:0:0:0:0:0:1 -  -  [24/Mar/2014:02:40:37 +0000] "GET /geoportal/lib/gxp/src/script/widgets/slider/TimeSlider.js HTTP/1.1" 304 0 
0:0:0:0:0:0:0:1 -  -  [24/Mar/2014:02:40:37 +0000] "GET /geoportal/lib/gxp/src/script/widgets/tips/SliderTip.js HTTP/1.1" 304 0 
0:0:0:0:0:0:0:1 -  -  [24/Mar/2014:02:40:37 +0000] "GET /geoportal/lib/gxp/src/script/widgets/form/CSWFilterField.js HTTP/1.1" 304 0 
0:0:0:0:0:0:0:1 -  -  [24/Mar/2014:02:40:37 +0000] "GET /geoportal/lib/gxp/src/script/widgets/CatalogueSearchPanel.js HTTP/1.1" 304 0 
0:0:0:0:0:0:0:1 -  -  [24/Mar/2014:02:40:37 +0000] "GET /geoportal/lib/gxp/src/script/widgets/TimelinePanel.js HTTP/1.1" 304 0 
0:0:0:0:0:0:0:1 -  -  [24/Mar/2014:02:40:37 +0000] "GET /geoportal/lib/gxp/src/script/widgets/PlaybackToolbar.js HTTP/1.1" 304 0 
0:0:0:0:0:0:0:1 -  -  [24/Mar/2014:02:40:37 +0000] "GET /geoportal/lib/gxp/src/script/widgets/slider/ClassBreakSlider.js HTTP/1.1" 304 0 
0:0:0:0:0:0:0:1 -  -  [24/Mar/2014:02:40:37 +0000] "GET /geoportal/lib/gxp/src/script/widgets/ScaleOverlay.js HTTP/1.1" 304 0 
0:0:0:0:0:0:0:1 -  -  [24/Mar/2014:02:40:37 +0000] "GET /geoportal/lib/gxp/src/script/plugins/WMSSource.js HTTP/1.1" 304 0 
0:0:0:0:0:0:0:1 -  -  [24/Mar/2014:02:40:37 +0000] "GET /geoportal/lib/gxp/src/script/plugins/BingSource.js HTTP/1.1" 304 0 
0:0:0:0:0:0:0:1 -  -  [24/Mar/2014:02:40:37 +0000] "GET /geoportal/lib/gxp/src/script/plugins/LayerSource.js HTTP/1.1" 304 0 
0:0:0:0:0:0:0:1 -  -  [24/Mar/2014:02:40:37 +0000] "GET /geoportal/lib/gxp/src/script/plugins/WMSCSource.js HTTP/1.1" 304 0 
0:0:0:0:0:0:0:1 -  -  [24/Mar/2014:02:40:37 +0000] "GET /geoportal/lib/gxp/src/script/plugins/MapBoxSource.js HTTP/1.1" 304 0 
0:0:0:0:0:0:0:1 -  -  [24/Mar/2014:02:40:37 +0000] "GET /geoportal/lib/gxp/src/script/plugins/PGPBasemapSource.js HTTP/1.1" 304 0 
0:0:0:0:0:0:0:1 -  -  [24/Mar/2014:02:40:37 +0000] "GET /geoportal/lib/gxp/src/script/plugins/OSMSource.js HTTP/1.1" 304 0 
0:0:0:0:0:0:0:1 -  -  [24/Mar/2014:02:40:37 +0000] "GET /geoportal/lib/gxp/src/script/plugins/OLSource.js HTTP/1.1" 304 0 
0:0:0:0:0:0:0:1 -  -  [24/Mar/2014:02:40:37 +0000] "GET /geoportal/lib/gxp/src/script/plugins/GoogleSource.js HTTP/1.1" 304 0 
0:0:0:0:0:0:0:1 -  -  [24/Mar/2014:02:40:37 +0000] "GET /geoportal/lib/gxp/src/script/plugins/MapQuestSource.js HTTP/1.1" 304 0 
0:0:0:0:0:0:0:1 -  -  [24/Mar/2014:02:40:37 +0000] "GET /geoportal/lib/gxp/src/script/plugins/CSWCatalogueSource.js HTTP/1.1" 304 0 
0:0:0:0:0:0:0:1 -  -  [24/Mar/2014:02:40:37 +0000] "GET /geoportal/lib/gxp/src/script/plugins/StyleWriter.js HTTP/1.1" 304 0 
0:0:0:0:0:0:0:1 -  -  [24/Mar/2014:02:40:37 +0000] "GET /geoportal/lib/gxp/src/script/plugins/GeoNodeCatalogueSource.js HTTP/1.1" 304 0 
0:0:0:0:0:0:0:1 -  -  [24/Mar/2014:02:40:37 +0000] "GET /geoportal/lib/gxp/src/script/plugins/ClickableFeatures.js HTTP/1.1" 304 0 
0:0:0:0:0:0:0:1 -  -  [24/Mar/2014:02:40:37 +0000] "GET /geoportal/lib/gxp/src/script/plugins/GeoServerStyleWriter.js HTTP/1.1" 304 0 
0:0:0:0:0:0:0:1 -  -  [24/Mar/2014:02:40:37 +0000] "GET /geoportal/lib/gxp/src/script/plugins/TMSSource.js HTTP/1.1" 304 0 
0:0:0:0:0:0:0:1 -  -  [24/Mar/2014:02:40:37 +0000] "GET /geoportal/lib/gxp/src/script/plugins/CatalogueSource.js HTTP/1.1" 304 0 
0:0:0:0:0:0:0:1 -  -  [24/Mar/2014:02:40:37 +0000] "GET /geoportal/lib/gxp/src/script/plugins/Tool.js HTTP/1.1" 304 0 
0:0:0:0:0:0:0:1 -  -  [24/Mar/2014:02:40:37 +0000] "GET /geoportal/lib/gxp/src/script/plugins/DeleteSelectedFeatures.js HTTP/1.1" 304 0 
0:0:0:0:0:0:0:1 -  -  [24/Mar/2014:02:40:37 +0000] "GET /geoportal/lib/gxp/src/script/plugins/WMSGetFeatureInfo.js HTTP/1.1" 304 0 
0:0:0:0:0:0:0:1 -  -  [24/Mar/2014:02:40:37 +0000] "GET /geoportal/lib/gxp/src/script/plugins/GoogleEarth.js HTTP/1.1" 304 0 
0:0:0:0:0:0:0:1 -  -  [24/Mar/2014:02:40:37 +0000] "GET /geoportal/lib/gxp/src/script/plugins/WMSFilterView.js HTTP/1.1" 304 0 
0:0:0:0:0:0:0:1 -  -  [24/Mar/2014:02:40:37 +0000] "GET /geoportal/lib/gxp/src/script/plugins/GoogleGeocoder.js HTTP/1.1" 304 0 
0:0:0:0:0:0:0:1 -  -  [24/Mar/2014:02:40:37 +0000] "GET /geoportal/lib/gxp/src/script/plugins/WMSRasterStylesDialog.js HTTP/1.1" 304 0 
0:0:0:0:0:0:0:1 -  -  [24/Mar/2014:02:40:37 +0000] "GET /geoportal/lib/gxp/src/script/plugins/VersionedEditor.js HTTP/1.1" 304 0 
0:0:0:0:0:0:0:1 -  -  [24/Mar/2014:02:40:37 +0000] "GET /geoportal/lib/gxp/src/script/plugins/FeatureEditorForm.js HTTP/1.1" 304 0 
0:0:0:0:0:0:0:1 -  -  [24/Mar/2014:02:40:37 +0000] "GET /geoportal/lib/gxp/src/script/plugins/FormFieldHelp.js HTTP/1.1" 304 0 
0:0:0:0:0:0:0:1 -  -  [24/Mar/2014:02:40:37 +0000] "GET /geoportal/lib/gxp/src/script/plugins/FeatureEditor.js HTTP/1.1" 304 0 
0:0:0:0:0:0:0:1 -  -  [24/Mar/2014:02:40:37 +0000] "GET /geoportal/lib/gxp/src/script/plugins/FeatureManager.js HTTP/1.1" 304 0 
0:0:0:0:0:0:0:1 -  -  [24/Mar/2014:02:40:37 +0000] "GET /geoportal/lib/gxp/src/script/plugins/FeatureToField.js HTTP/1.1" 304 0 
0:0:0:0:0:0:0:1 -  -  [24/Mar/2014:02:40:37 +0000] "GET /geoportal/lib/gxp/src/script/plugins/QueryForm.js HTTP/1.1" 304 0 
0:0:0:0:0:0:0:1 -  -  [24/Mar/2014:02:40:37 +0000] "GET /geoportal/lib/gxp/src/script/plugins/FeatureGrid.js HTTP/1.1" 304 0 
0:0:0:0:0:0:0:1 -  -  [24/Mar/2014:02:40:37 +0000] "GET /geoportal/lib/gxp/src/script/plugins/LayerTree.js HTTP/1.1" 304 0 
0:0:0:0:0:0:0:1 -  -  [24/Mar/2014:02:40:37 +0000] "GET /geoportal/lib/gxp/src/script/plugins/SchemaAnnotations.js HTTP/1.1" 304 0 
0:0:0:0:0:0:0:1 -  -  [24/Mar/2014:02:40:37 +0000] "GET /geoportal/lib/gxp/src/script/plugins/RemoveLayer.js HTTP/1.1" 304 0 
0:0:0:0:0:0:0:1 -  -  [24/Mar/2014:02:40:37 +0000] "GET /geoportal/lib/gxp/src/script/plugins/LayerManager.js HTTP/1.1" 304 0 
0:0:0:0:0:0:0:1 -  -  [24/Mar/2014:02:40:37 +0000] "GET /geoportal/lib/gxp/src/script/plugins/FeatureEditorGrid.js HTTP/1.1" 304 0 
0:0:0:0:0:0:0:1 -  -  [24/Mar/2014:02:40:37 +0000] "GET /geoportal/lib/gxp/src/script/plugins/SelectedFeatureActions.js HTTP/1.1" 304 0 
0:0:0:0:0:0:0:1 -  -  [24/Mar/2014:02:40:37 +0000] "GET /geoportal/lib/gxp/src/script/plugins/NavigationHistory.js HTTP/1.1" 304 0 
0:0:0:0:0:0:0:1 -  -  [24/Mar/2014:02:40:37 +0000] "GET /geoportal/lib/gxp/src/script/plugins/DeleteLayer.js HTTP/1.1" 304 0 
0:0:0:0:0:0:0:1 -  -  [24/Mar/2014:02:40:37 +0000] "GET /geoportal/lib/gxp/src/script/plugins/Zoom.js HTTP/1.1" 304 0 
0:0:0:0:0:0:0:1 -  -  [24/Mar/2014:02:40:37 +0000] "GET /geoportal/lib/gxp/src/script/plugins/ZoomToExtent.js HTTP/1.1" 304 0 
0:0:0:0:0:0:0:1 -  -  [24/Mar/2014:02:40:37 +0000] "GET /geoportal/lib/gxp/src/script/plugins/AddLayers.js HTTP/1.1" 304 0 
0:0:0:0:0:0:0:1 -  -  [24/Mar/2014:02:40:37 +0000] "GET /geoportal/lib/gxp/src/script/plugins/ZoomToDataExtent.js HTTP/1.1" 304 0 
0:0:0:0:0:0:0:1 -  -  [24/Mar/2014:02:40:37 +0000] "GET /geoportal/lib/gxp/src/script/plugins/ZoomToSelectedFeatures.js HTTP/1.1" 304 0 
0:0:0:0:0:0:0:1 -  -  [24/Mar/2014:02:40:37 +0000] "GET /geoportal/lib/gxp/src/script/plugins/Styler.js HTTP/1.1" 304 0 
0:0:0:0:0:0:0:1 -  -  [24/Mar/2014:02:40:37 +0000] "GET /geoportal/lib/gxp/src/script/plugins/SnappingAgent.js HTTP/1.1" 304 0 
0:0:0:0:0:0:0:1 -  -  [24/Mar/2014:02:40:37 +0000] "GET /geoportal/lib/gxp/src/script/plugins/Navigation.js HTTP/1.1" 304 0 
0:0:0:0:0:0:0:1 -  -  [24/Mar/2014:02:40:37 +0000] "GET /geoportal/lib/gxp/src/script/plugins/MapProperties.js HTTP/1.1" 304 0 
0:0:0:0:0:0:0:1 -  -  [24/Mar/2014:02:40:37 +0000] "GET /geoportal/lib/gxp/src/script/plugins/ZoomToLayerExtent.js HTTP/1.1" 304 0 
0:0:0:0:0:0:0:1 -  -  [24/Mar/2014:02:40:37 +0000] "GET /geoportal/lib/gxp/src/script/plugins/Print.js HTTP/1.1" 304 0 
0:0:0:0:0:0:0:1 -  -  [24/Mar/2014:02:40:37 +0000] "GET /geoportal/lib/gxp/src/script/plugins/LoadingIndicator.js HTTP/1.1" 304 0 
0:0:0:0:0:0:0:1 -  -  [24/Mar/2014:02:40:37 +0000] "GET /geoportal/lib/gxp/src/script/plugins/Legend.js HTTP/1.1" 304 0 
0:0:0:0:0:0:0:1 -  -  [24/Mar/2014:02:40:37 +0000] "GET /geoportal/lib/gxp/src/script/ColorManager.js HTTP/1.1" 304 0 
0:0:0:0:0:0:0:1 -  -  [24/Mar/2014:02:40:37 +0000] "GET /geoportal/lib/gxp/src/script/plugins/Playback.js HTTP/1.1" 304 0 
0:0:0:0:0:0:0:1 -  -  [24/Mar/2014:02:40:37 +0000] "GET /geoportal/lib/gxp/src/script/plugins/Measure.js HTTP/1.1" 304 0 
0:0:0:0:0:0:0:1 -  -  [24/Mar/2014:02:40:37 +0000] "GET /geoportal/lib/gxp/src/script/plugins/LayerProperties.js HTTP/1.1" 304 0 
0:0:0:0:0:0:0:1 -  -  [24/Mar/2014:02:40:37 +0000] "GET /geoportal/lib/gxp/src/script/locale/ca.js HTTP/1.1" 304 0 
0:0:0:0:0:0:0:1 -  -  [24/Mar/2014:02:40:37 +0000] "GET /geoportal/lib/gxp/src/script/locale/es.js HTTP/1.1" 304 0 
0:0:0:0:0:0:0:1 -  -  [24/Mar/2014:02:40:37 +0000] "GET /geoportal/lib/gxp/src/theme/img/silk/add.png HTTP/1.1" 304 0 
0:0:0:0:0:0:0:1 -  -  [24/Mar/2014:02:40:37 +0000] "GET /geoportal/lib/gxp/src/theme/img/silk/arrow_inout.png HTTP/1.1" 304 0 
0:0:0:0:0:0:0:1 -  -  [24/Mar/2014:02:40:37 +0000] "GET /geoportal/lib/gxp/src/theme/img/silk/magnifier_zoom_out.png HTTP/1.1" 304 0 
0:0:0:0:0:0:0:1 -  -  [24/Mar/2014:02:40:37 +0000] "GET /geoportal/lib/gxp/src/theme/img/silk/map_edit.png HTTP/1.1" 304 0 
0:0:0:0:0:0:0:1 -  -  [24/Mar/2014:02:40:37 +0000] "GET /geoportal/lib/gxp/src/theme/img/silk/magnifier_zoom_in.png HTTP/1.1" 304 0 
0:0:0:0:0:0:0:1 -  -  [24/Mar/2014:02:40:37 +0000] "GET /geoportal/lib/gxp/src/theme/img/silk/information.png HTTP/1.1" 304 0 
0:0:0:0:0:0:0:1 -  -  [24/Mar/2014:02:40:38 +0000] "GET /geoportal/settings.json?_dc=1395628837840 HTTP/1.1" 200 60 
0:0:0:0:0:0:0:1 -  -  [24/Mar/2014:02:40:38 +0000] "GET /geoportal/lib/gxp/src/theme/img/silk/map.png HTTP/1.1" 304 0 
0:0:0:0:0:0:0:1 -  -  [24/Mar/2014:02:40:38 +0000] "GET /geoportal/img/denr.jpg HTTP/1.1" 304 0 
0:0:0:0:0:0:0:1 -  -  [24/Mar/2014:02:40:38 +0000] "GET /geoportal/lib/gxp/src/theme/img/silk/pencil_add.png HTTP/1.1" 304 0 
0:0:0:0:0:0:0:1 -  -  [24/Mar/2014:02:40:40 +0000] "GET /geoserver HTTP/1.1" 302 0 
0:0:0:0:0:0:0:1 -  -  [24/Mar/2014:02:40:41 +0000] "GET /geoserver/ HTTP/1.1" 302 1388 
0:0:0:0:0:0:0:1 -  -  [24/Mar/2014:02:40:44 +0000] "GET /geoserver/index.html HTTP/1.1" 200 448 
0:0:0:0:0:0:0:1 -  -  [24/Mar/2014:02:40:50 +0000] "GET /geoserver/web/ HTTP/1.1" 200 1881 
0:0:0:0:0:0:0:1 -  -  [24/Mar/2014:02:40:57 +0000] "GET /geoserver/web/resources/org.geoserver.web.GeoServerBasePage/css/blueprint/screen.css HTTP/1.1" 304 0 
0:0:0:0:0:0:0:1 -  -  [24/Mar/2014:02:40:57 +0000] "GET /geoserver/web/resources/org.geoserver.web.GeoServerBasePage/css/geoserver.css HTTP/1.1" 304 0 
0:0:0:0:0:0:0:1 -  -  [24/Mar/2014:02:40:57 +0000] "GET /geoserver/web/resources/org.geoserver.web.GeoServerBasePage/css/blueprint/print.css HTTP/1.1" 304 0 
0:0:0:0:0:0:0:1 -  -  [24/Mar/2014:02:40:57 +0000] "GET /geoserver/web/resources/org.geoserver.web.GeoServerBasePage/js/jquery-1.2.6.min.js HTTP/1.1" 304 0 
0:0:0:0:0:0:0:1 -  -  [24/Mar/2014:02:40:57 +0000] "GET /geoserver/web/resources/org.geoserver.web.GeoServerBasePage/js/jquery.inline-info.js HTTP/1.1" 304 0 
0:0:0:0:0:0:0:1 -  -  [24/Mar/2014:02:40:57 +0000] "GET /geoserver/web/resources/org.geoserver.web.demo.MapPreviewPage/mappreview_keyshortcut.js HTTP/1.1" 304 0 
0:0:0:0:0:0:0:1 -  -  [24/Mar/2014:02:40:57 +0000] "GET /geoserver/web/resources/org.geoserver.web.AboutGeoServerPage/img/icons/silk/help.png HTTP/1.1" 304 0 
0:0:0:0:0:0:0:1 -  -  [24/Mar/2014:02:40:57 +0000] "GET /geoserver/web/resources/org.geoserver.web.GeoServerBasePage/img/ajax-loader.gif HTTP/1.1" 304 0 
0:0:0:0:0:0:0:1 -  -  [24/Mar/2014:02:40:57 +0000] "GET /geoserver/web/resources/org.geoserver.web.demo.MapPreviewPage/null/img/icons/geosilk/map.png HTTP/1.1" 304 0 
0:0:0:0:0:0:0:1 -  -  [24/Mar/2014:02:40:57 +0000] "GET /geoserver/web/resources/org.geoserver.web.GeoServerBasePage/img/button-gradient.png HTTP/1.1" 200 239 
0:0:0:0:0:0:0:1 -  -  [24/Mar/2014:02:40:57 +0000] "GET /geoserver/web/resources/org.geoserver.web.GeoServerBasePage/img/logo.png HTTP/1.1" 200 6363 
0:0:0:0:0:0:0:1 -  -  [24/Mar/2014:02:40:57 +0000] "GET /geoserver/web/resources/org.geoserver.web.GeoServerBasePage/img/icons/silk/door_in.png HTTP/1.1" 200 571 
0:0:0:0:0:0:0:1 -  -  [24/Mar/2014:02:40:57 +0000] "GET /geoserver/web/resources/org.geoserver.web.GeoServerBasePage/img/page-bg.png HTTP/1.1" 200 2121 
0:0:0:0:0:0:0:1 -  -  [24/Mar/2014:02:40:57 +0000] "GET /geoserver/web/resources/org.geoserver.web.GeoServerBasePage/img/page-header-bg.png HTTP/1.1" 200 171 
0:0:0:0:0:0:0:1 -  -  [24/Mar/2014:02:40:57 +0000] "GET /geoserver/web/resources/org.geoserver.web.GeoServerBasePage/img/main-bg.png HTTP/1.1" 200 580 
0:0:0:0:0:0:0:1 -  -  [24/Mar/2014:02:40:58 +0000] "GET /geoserver/web/resources/org.geoserver.web.GeoServerBasePage/img/main-wrap-bg.png HTTP/1.1" 200 2125 
0:0:0:0:0:0:0:1 -  -  [24/Mar/2014:02:40:58 +0000] "GET /geoserver/web/resources/org.geoserver.web.GeoServerBasePage/favicon.ico HTTP/1.1" 304 0 
0:0:0:0:0:0:0:1 -  -  [24/Mar/2014:02:40:38 +0000] "GET /geoserver/wms?SERVICE=WMS&REQUEST=GetCapabilities&VERSION=1.1.1 HTTP/1.1" 200 17400 
0:0:0:0:0:0:0:1 -  -  [24/Mar/2014:02:41:04 +0000] "POST /geoserver/j_spring_security_check HTTP/1.1" 302 0 
0:0:0:0:0:0:0:1 -  -  [24/Mar/2014:02:41:04 +0000] "GET /geoserver/web/?wicket:bookmarkablePage=:org.geoserver.web.GeoServerLoginPage&error=true HTTP/1.1" 200 1462 
0:0:0:0:0:0:0:1 -  -  [24/Mar/2014:02:41:04 +0000] "GET /geoserver/web/resources/org.geoserver.web.demo.MapPreviewPage/mappreview_keyshortcut.js HTTP/1.1" 304 0 
0:0:0:0:0:0:0:1 -  -  [24/Mar/2014:02:41:04 +0000] "GET /geoserver/web/resources/org.geoserver.web.GeoServerBasePage/js/jquery-1.2.6.min.js HTTP/1.1" 304 0 
0:0:0:0:0:0:0:1 -  -  [24/Mar/2014:02:41:04 +0000] "GET /geoserver/web/resources/org.geoserver.web.GeoServerBasePage/js/jquery.inline-info.js HTTP/1.1" 304 0 
0:0:0:0:0:0:0:1 -  -  [24/Mar/2014:02:41:10 +0000] "POST /geoserver/j_spring_security_check HTTP/1.1" 302 0 
0:0:0:0:0:0:0:1 -  -  [24/Mar/2014:02:41:10 +0000] "GET /geoserver/web/?wicket:bookmarkablePage=:org.geoserver.web.GeoServerLoginPage&error=true HTTP/1.1" 200 1462 
0:0:0:0:0:0:0:1 -  -  [24/Mar/2014:02:41:11 +0000] "GET /geoserver/web/resources/org.geoserver.web.demo.MapPreviewPage/mappreview_keyshortcut.js HTTP/1.1" 304 0 
0:0:0:0:0:0:0:1 -  -  [24/Mar/2014:02:41:11 +0000] "GET /geoserver/web/resources/org.geoserver.web.GeoServerBasePage/js/jquery-1.2.6.min.js HTTP/1.1" 304 0 
0:0:0:0:0:0:0:1 -  -  [24/Mar/2014:02:41:11 +0000] "GET /geoserver/web/resources/org.geoserver.web.GeoServerBasePage/js/jquery.inline-info.js HTTP/1.1" 304 0 
0:0:0:0:0:0:0:1 -  -  [24/Mar/2014:02:41:16 +0000] "POST /geoserver/j_spring_security_check HTTP/1.1" 302 0 
0:0:0:0:0:0:0:1 -  -  [24/Mar/2014:02:41:16 +0000] "GET /geoserver/web HTTP/1.1" 302 0 
0:0:0:0:0:0:0:1 -  -  [24/Mar/2014:02:41:16 +0000] "GET /geoserver/web/ HTTP/1.1" 200 1647 
0:0:0:0:0:0:0:1 -  -  [24/Mar/2014:02:41:16 +0000] "GET /geoserver/web/resources/org.geoserver.web.demo.MapPreviewPage/mappreview_keyshortcut.js HTTP/1.1" 304 0 
0:0:0:0:0:0:0:1 -  -  [24/Mar/2014:02:41:16 +0000] "GET /geoserver/web/resources/org.geoserver.web.GeoServerBasePage/js/jquery-1.2.6.min.js HTTP/1.1" 304 0 
0:0:0:0:0:0:0:1 -  -  [24/Mar/2014:02:41:16 +0000] "GET /geoserver/web/resources/org.geoserver.web.GeoServerBasePage/js/jquery.inline-info.js HTTP/1.1" 304 0 
0:0:0:0:0:0:0:1 -  -  [24/Mar/2014:02:41:17 +0000] "GET /geoserver/web/resources/org.geoserver.web.GeoServerBasePage/img/icons/silk/door_out.png HTTP/1.1" 200 574 
0:0:0:0:0:0:0:1 -  -  [24/Mar/2014:02:41:20 +0000] "GET /geoserver/j_spring_security_logout HTTP/1.1" 302 0 
0:0:0:0:0:0:0:1 -  -  [24/Mar/2014:02:41:20 +0000] "GET /geoserver/web/ HTTP/1.1" 200 1881 
0:0:0:0:0:0:0:1 -  -  [24/Mar/2014:02:41:25 +0000] "POST /geoserver/j_spring_security_check HTTP/1.1" 302 0 
0:0:0:0:0:0:0:1 -  -  [24/Mar/2014:02:41:25 +0000] "GET /geoserver/web/?wicket:bookmarkablePage=:org.geoserver.web.GeoServerLoginPage&error=true HTTP/1.1" 200 1462 
0:0:0:0:0:0:0:1 -  -  [24/Mar/2014:02:41:25 +0000] "GET /geoserver/web/resources/org.geoserver.web.GeoServerBasePage/js/jquery-1.2.6.min.js HTTP/1.1" 304 0 
0:0:0:0:0:0:0:1 -  -  [24/Mar/2014:02:41:25 +0000] "GET /geoserver/web/resources/org.geoserver.web.GeoServerBasePage/js/jquery.inline-info.js HTTP/1.1" 304 0 
0:0:0:0:0:0:0:1 -  -  [24/Mar/2014:02:41:25 +0000] "GET /geoserver/web/resources/org.geoserver.web.demo.MapPreviewPage/mappreview_keyshortcut.js HTTP/1.1" 304 0 
0:0:0:0:0:0:0:1 -  -  [24/Mar/2014:02:41:29 +0000] "POST /geoserver/j_spring_security_check HTTP/1.1" 302 0 
0:0:0:0:0:0:0:1 -  -  [24/Mar/2014:02:41:29 +0000] "GET /geoserver/web/?wicket:bookmarkablePage=:org.geoserver.web.GeoServerLoginPage&error=true HTTP/1.1" 200 1462 
0:0:0:0:0:0:0:1 -  -  [24/Mar/2014:02:41:29 +0000] "GET /geoserver/web/resources/org.geoserver.web.GeoServerBasePage/js/jquery-1.2.6.min.js HTTP/1.1" 304 0 
0:0:0:0:0:0:0:1 -  -  [24/Mar/2014:02:41:29 +0000] "GET /geoserver/web/resources/org.geoserver.web.demo.MapPreviewPage/mappreview_keyshortcut.js HTTP/1.1" 304 0 
0:0:0:0:0:0:0:1 -  -  [24/Mar/2014:02:41:29 +0000] "GET /geoserver/web/resources/org.geoserver.web.GeoServerBasePage/js/jquery.inline-info.js HTTP/1.1" 304 0 
0:0:0:0:0:0:0:1 -  -  [24/Mar/2014:02:41:34 +0000] "POST /geoserver/j_spring_security_check HTTP/1.1" 302 0 
0:0:0:0:0:0:0:1 -  -  [24/Mar/2014:02:41:34 +0000] "GET /geoserver/web/?wicket:bookmarkablePage=:org.geoserver.web.GeoServerLoginPage&error=true HTTP/1.1" 200 1463 
0:0:0:0:0:0:0:1 -  -  [24/Mar/2014:02:41:34 +0000] "GET /geoserver/web/resources/org.geoserver.web.GeoServerBasePage/js/jquery-1.2.6.min.js HTTP/1.1" 304 0 
0:0:0:0:0:0:0:1 -  -  [24/Mar/2014:02:41:34 +0000] "GET /geoserver/web/resources/org.geoserver.web.demo.MapPreviewPage/mappreview_keyshortcut.js HTTP/1.1" 304 0 
0:0:0:0:0:0:0:1 -  -  [24/Mar/2014:02:41:34 +0000] "GET /geoserver/web/resources/org.geoserver.web.GeoServerBasePage/js/jquery.inline-info.js HTTP/1.1" 304 0 
0:0:0:0:0:0:0:1 -  -  [24/Mar/2014:02:41:48 +0000] "POST /geoserver/j_spring_security_check HTTP/1.1" 302 0 
0:0:0:0:0:0:0:1 -  -  [24/Mar/2014:02:41:48 +0000] "GET /geoserver/web/?wicket:bookmarkablePage=:org.geoserver.web.GeoServerLoginPage&error=true HTTP/1.1" 200 1463 
0:0:0:0:0:0:0:1 -  -  [24/Mar/2014:02:41:48 +0000] "GET /geoserver/web/resources/org.geoserver.web.demo.MapPreviewPage/mappreview_keyshortcut.js HTTP/1.1" 304 0 
0:0:0:0:0:0:0:1 -  -  [24/Mar/2014:02:41:48 +0000] "GET /geoserver/web/resources/org.geoserver.web.GeoServerBasePage/js/jquery-1.2.6.min.js HTTP/1.1" 304 0 
0:0:0:0:0:0:0:1 -  -  [24/Mar/2014:02:41:48 +0000] "GET /geoserver/web/resources/org.geoserver.web.GeoServerBasePage/js/jquery.inline-info.js HTTP/1.1" 304 0 
0:0:0:0:0:0:0:1 -  -  [24/Mar/2014:02:41:53 +0000] "POST /geoserver/j_spring_security_check HTTP/1.1" 302 0 
0:0:0:0:0:0:0:1 -  -  [24/Mar/2014:02:41:53 +0000] "GET /geoserver/web HTTP/1.1" 302 0 
0:0:0:0:0:0:0:1 -  -  [24/Mar/2014:02:41:53 +0000] "GET /geoserver/web/ HTTP/1.1" 200 3310 
0:0:0:0:0:0:0:1 -  -  [24/Mar/2014:02:41:55 +0000] "GET /geoserver/web/resources/org.geoserver.web.admin.LogPage/null/img/icons/silk/page_white_text.png HTTP/1.1" 304 0 
0:0:0:0:0:0:0:1 -  -  [24/Mar/2014:02:41:55 +0000] "GET /geoserver/web/resources/org.geoserver.web.admin.ContactPage/null/img/icons/silk/vcard.png HTTP/1.1" 304 0 
0:0:0:0:0:0:0:1 -  -  [24/Mar/2014:02:41:55 +0000] "GET /geoserver/web/resources/org.geoserver.importer.web.ImportDataPage/map_add.png HTTP/1.1" 304 0 
0:0:0:0:0:0:0:1 -  -  [24/Mar/2014:02:41:55 +0000] "GET /geoserver/web/resources/org.geoserver.web.admin.StatusPage/null/img/icons/silk/server_error.png HTTP/1.1" 304 0 
0:0:0:0:0:0:0:1 -  -  [24/Mar/2014:02:41:55 +0000] "GET /geoserver/web/resources/org.geoserver.web.data.store.StorePage/null/null/img/icons/silk/database.png HTTP/1.1" 304 0 
0:0:0:0:0:0:0:1 -  -  [24/Mar/2014:02:41:55 +0000] "GET /geoserver/web/resources/org.geoserver.web.data.workspace.WorkspacePage/null/null/img/icons/silk/folder.png HTTP/1.1" 304 0 
0:0:0:0:0:0:0:1 -  -  [24/Mar/2014:02:41:55 +0000] "GET /geoserver/web/resources/org.geoserver.web.data.layer.LayerPage/null/null/img/icons/silk/picture_empty.png HTTP/1.1" 304 0 
0:0:0:0:0:0:0:1 -  -  [24/Mar/2014:02:41:55 +0000] "GET /geoserver/web/resources/org.geoserver.web.data.layergroup.LayerGroupPage/null/null/img/icons/silk/layers.png HTTP/1.1" 304 0 
0:0:0:0:0:0:0:1 -  -  [24/Mar/2014:02:41:55 +0000] "GET /geoserver/web/resources/org.geoserver.wms.web.data.StylePage/palette.png HTTP/1.1" 304 0 
0:0:0:0:0:0:0:1 -  -  [24/Mar/2014:02:41:55 +0000] "GET /geoserver/web/resources/org.geoserver.wcs.web.WCSAdminPage/server_raster.png HTTP/1.1" 304 0 
0:0:0:0:0:0:0:1 -  -  [24/Mar/2014:02:41:55 +0000] "GET /geoserver/web/resources/org.geoserver.wms.web.WMSAdminPage/server_map.png HTTP/1.1" 304 0 
0:0:0:0:0:0:0:1 -  -  [24/Mar/2014:02:41:55 +0000] "GET /geoserver/web/resources/org.geoserver.wfs.web.WFSAdminPage/server_vector.png HTTP/1.1" 304 0 
0:0:0:0:0:0:0:1 -  -  [24/Mar/2014:02:41:55 +0000] "GET /geoserver/web/resources/org.geoserver.web.admin.GlobalSettingsPage/null/img/icons/silk/server.png HTTP/1.1" 304 0 
0:0:0:0:0:0:0:1 -  -  [24/Mar/2014:02:41:55 +0000] "GET /geoserver/web/resources/org.geoserver.web.admin.JAIPage/null/img/icons/silk/cog_photo.png HTTP/1.1" 304 0 
0:0:0:0:0:0:0:1 -  -  [24/Mar/2014:02:41:55 +0000] "GET /geoserver/web/resources/org.geoserver.web.admin.CoverageAccessPage/null/img/icons/silk/cog_photo.png HTTP/1.1" 304 0 
0:0:0:0:0:0:0:1 -  -  [24/Mar/2014:02:41:55 +0000] "GET /geoserver/web/resources/org.geoserver.gwc.web.GWCSettingsPage/geowebcache-16.png HTTP/1.1" 304 0 
0:0:0:0:0:0:0:1 -  -  [24/Mar/2014:02:41:55 +0000] "GET /geoserver/web/resources/org.geoserver.gwc.web.layer.CachedLayersPage/null/tilelayer.png HTTP/1.1" 304 0 
0:0:0:0:0:0:0:1 -  -  [24/Mar/2014:02:41:55 +0000] "GET /geoserver/web/resources/org.geoserver.gwc.web.gridset.GridSetsPage/null/gridset.png HTTP/1.1" 304 0 
0:0:0:0:0:0:0:1 -  -  [24/Mar/2014:02:41:55 +0000] "GET /geoserver/web/resources/org.geoserver.gwc.web.diskquota.DiskQuotaSettingsPage/null/diskquota.png HTTP/1.1" 304 0 
0:0:0:0:0:0:0:1 -  -  [24/Mar/2014:02:41:55 +0000] "GET /geoserver/web/resources/org.geoserver.web.GeoServerBasePage/img/icons/silk/wrench.png HTTP/1.1" 304 0 
0:0:0:0:0:0:0:1 -  -  [24/Mar/2014:02:41:55 +0000] "GET /geoserver/web/resources/org.geoserver.security.web.passwd.PasswordPage/null/img/icons/silk/lock.png HTTP/1.1" 304 0 
0:0:0:0:0:0:0:1 -  -  [24/Mar/2014:02:41:55 +0000] "GET /geoserver/web/resources/org.geoserver.security.web.auth.AuthenticationPage/null/img/icons/silk/shield.png HTTP/1.1" 304 0 
0:0:0:0:0:0:0:1 -  -  [24/Mar/2014:02:41:55 +0000] "GET /geoserver/web/resources/org.geoserver.security.web.data.DataSecurityPage/null/img/icons/silk/database_key.png HTTP/1.1" 304 0 
0:0:0:0:0:0:0:1 -  -  [24/Mar/2014:02:41:55 +0000] "GET /geoserver/web/resources/org.geoserver.security.web.service.ServiceAccessRulePage/null/img/icons/silk/shape_square_key.png HTTP/1.1" 304 0 
0:0:0:0:0:0:0:1 -  -  [24/Mar/2014:02:41:55 +0000] "GET /geoserver/web/resources/org.geoserver.security.web.UserGroupRoleServicesPage/img/icons/silk/group.png HTTP/1.1" 304 0 
0:0:0:0:0:0:0:1 -  -  [24/Mar/2014:02:41:55 +0000] "GET /geoserver/web/resources/org.geoserver.web.GeoServerBasePage/img/icons/silk/add.png HTTP/1.1" 200 567 
0:0:0:0:0:0:0:1 -  -  [24/Mar/2014:02:41:55 +0000] "GET /geoserver/web/resources/org.geoserver.web.GeoServerBasePage/img/icons/silk/error.png HTTP/1.1" 200 546 
0:0:0:0:0:0:0:1 -  -  [24/Mar/2014:02:42:00 +0000] "GET /geoserver/web/?wicket:bookmarkablePage=:org.geoserver.web.ToolPage HTTP/1.1" 200 2622 
0:0:0:0:0:0:0:1 -  -  [24/Mar/2014:02:42:19 +0000] "GET /geoserver/web/?wicket:bookmarkablePage=:org.geoserver.web.ToolPage HTTP/1.1" 200 2622 
0:0:0:0:0:0:0:1 -  -  [24/Mar/2014:02:42:25 +0000] "GET /geoserver/web/?wicket:bookmarkablePage=:org.geoserver.web.DemoPage HTTP/1.1" 200 2631 
0:0:0:0:0:0:0:1 -  -  [24/Mar/2014:02:42:56 +0000] "GET /geoserver/web/?wicket:bookmarkablePage=:org.geoserver.web.ToolPage HTTP/1.1" 200 2621 
0:0:0:0:0:0:0:1 -  -  [24/Mar/2014:02:43:06 +0000] "GET /geoserver/web/?wicket:bookmarkablePage=:org.geoserver.web.ToolPage HTTP/1.1" 200 2621 
0:0:0:0:0:0:0:1 -  -  [24/Mar/2014:02:43:23 +0000] "GET /geoserver/web/?wicket:bookmarkablePage=:org.geoserver.web.admin.StatusPage HTTP/1.1" 200 3332 
0:0:0:0:0:0:0:1 -  -  [24/Mar/2014:02:43:25 +0000] "GET /geoserver/web/resources/org.apache.wicket.markup.html.WicketEventReference/wicket-event.js HTTP/1.1" 304 0 
0:0:0:0:0:0:0:1 -  -  [24/Mar/2014:02:43:25 +0000] "GET /geoserver/web/resources/org.apache.wicket.ajax.WicketAjaxReference/wicket-ajax.js HTTP/1.1" 304 0 
0:0:0:0:0:0:0:1 -  -  [24/Mar/2014:02:43:27 +0000] "GET /geoserver/web/?wicket:bookmarkablePage=:org.geoserver.web.AboutGeoServerPage HTTP/1.1" 200 3218 
